<?xml version="1.0" encoding="utf-8"?><testsuites name="pytest tests"><testsuite name="pytest" errors="0" failures="1" skipped="0" tests="23" time="7.546" timestamp="2026-07-18T13:19:07.810053+00:00" hostname="agent-env-2f2e2919-d14f-4fb1-8a5e-143434438e49"><testcase classname="tests.test_auth_profile_branding.TestCredentialsRotation" name="test_new_admin_login_success" time="0.400" /><testcase classname="tests.test_auth_profile_branding.TestCredentialsRotation" name="test_me_returns_lakshmi" time="0.331" /><testcase classname="tests.test_auth_profile_branding.TestCredentialsRotation" name="test_old_creds_fail" time="0.276"><failure message="assert 200 == 401&#10; +  where 200 = &lt;Response [200]&gt;.status_code">tests/test_auth_profile_branding.py:77: in test_old_creds_fail
    assert r.status_code == 401
E   assert 200 == 401
E    +  where 200 = &lt;Response [200]&gt;.status_code</failure></testcase><testcase classname="tests.test_auth_profile_branding.TestCredentialsRotation" name="test_single_admin_in_db" time="0.010" /><testcase classname="tests.test_auth_profile_branding.TestChangePassword" name="test_wrong_current_password" time="0.276" /><testcase classname="tests.test_auth_profile_branding.TestChangePassword" name="test_short_new_password" time="0.052" /><testcase classname="tests.test_auth_profile_branding.TestChangePassword" name="test_change_and_verify_flow" time="1.814" /><testcase classname="tests.test_auth_profile_branding.TestForgotPassword" name="test_forgot_for_existing_returns_ok" time="0.284" /><testcase classname="tests.test_auth_profile_branding.TestForgotPassword" name="test_forgot_for_nonexistent_no_info_leak" time="0.051" /><testcase classname="tests.test_auth_profile_branding.TestForgotPassword" name="test_reset_link_logged" time="0.000" /><testcase classname="tests.test_auth_profile_branding.TestResetPassword" name="test_reset_flow_end_to_end" time="1.693" /><testcase classname="tests.test_auth_profile_branding.TestResetPassword" name="test_expired_token" time="0.057" /><testcase classname="tests.test_auth_profile_branding.TestProfile" name="test_get_profile" time="0.051" /><testcase classname="tests.test_auth_profile_branding.TestProfile" name="test_patch_profile_persists" time="0.106" /><testcase classname="tests.test_auth_profile_branding.TestLogoAndInvoiceBranding" name="test_shared_invoice_has_studio_snapshot" time="0.557" /><testcase classname="tests.test_auth_profile_branding.TestLogoAndInvoiceBranding" name="test_shared_logo_endpoint" time="0.176" /><testcase classname="tests.test_auth_profile_branding.TestLogoAndInvoiceBranding" name="test_shared_logo_invalid_token" time="0.079" /><testcase classname="tests.test_auth_profile_branding.TestLogoAndInvoiceBranding" name="test_shared_logo_missing_when_no_logo" time="0.427" /><testcase classname="tests.test_auth_profile_branding.TestLogoAndInvoiceBranding" name="test_pdf_embeds_studio_name" time="0.373" /><testcase classname="tests.test_auth_profile_branding.TestRegression" name="test_students_list" time="0.051" /><testcase classname="tests.test_auth_profile_branding.TestRegression" name="test_dashboard" time="0.051" /><testcase classname="tests.test_auth_profile_branding.TestRegression" name="test_invoices_list" time="0.053" /><testcase classname="tests.test_auth_profile_branding.TestRegression" name="test_unauth_endpoints_401" time="0.224" /></testsuite></testsuites>