<?xml version="1.0" encoding="utf-8"?><testsuites name="pytest tests"><testsuite name="pytest" errors="0" failures="0" skipped="0" tests="7" time="1.588" timestamp="2026-07-18T13:19:22.933812+00:00" hostname="agent-env-2f2e2919-d14f-4fb1-8a5e-143434438e49"><testcase classname="tests.test_delete_and_branding.TestBranding" name="test_login_response_name_is_lakshmi" time="0.366" /><testcase classname="tests.test_delete_and_branding.TestBranding" name="test_auth_me_returns_lakshmi" time="0.049" /><testcase classname="tests.test_delete_and_branding.TestClassAndPaymentDelete" name="test_delete_class_and_verify_gone" time="0.253" /><testcase classname="tests.test_delete_and_branding.TestClassAndPaymentDelete" name="test_delete_payment_and_verify_gone" time="0.155" /><testcase classname="tests.test_delete_and_branding.TestInvoiceDelete" name="test_delete_requires_auth" time="0.435" /><testcase classname="tests.test_delete_and_branding.TestInvoiceDelete" name="test_delete_nonexistent_returns_404" time="0.050" /><testcase classname="tests.test_delete_and_branding.TestInvoiceDelete" name="test_delete_ownership_isolation" time="0.229" /></testsuite></testsuites>