<?xml version="1.0" encoding="utf-8"?><testsuites name="pytest tests"><testsuite name="pytest" errors="0" failures="2" skipped="2" tests="16" time="3.432" timestamp="2026-07-18T13:17:23.758428+00:00" hostname="agent-env-2f2e2919-d14f-4fb1-8a5e-143434438e49"><testcase classname="tests.test_bulk_send.TestBulkPreview" name="test_requires_auth" time="1.315" /><testcase classname="tests.test_bulk_send.TestBulkPreview" name="test_returns_list_with_expected_fields" time="0.054" /><testcase classname="tests.test_bulk_send.TestBulkSend" name="test_requires_auth" time="1.422" /><testcase classname="tests.test_bulk_send.TestBulkPreview" name="test_channels_reflect_reachability" time="0.048" /><testcase classname="tests.test_bulk_send.TestBulkPreview" name="test_sorted_by_balance_due_desc" time="0.054" /><testcase classname="tests.test_bulk_send.TestBulkSend" name="test_empty_channels_400" time="0.058" /><testcase classname="tests.test_bulk_send.TestBulkPreview" name="test_window_narrows_billed_and_balance" time="0.145" /><testcase classname="tests.test_bulk_send.TestBulkSend" name="test_unknown_channel_400" time="0.053" /><testcase classname="tests.test_bulk_send.TestBulkSend" name="test_send_creates_invoice_and_reports_email_sent" time="0.346" /><testcase classname="tests.test_bulk_send.TestOwnershipIsolation" name="test_secondary_user_cannot_see_admin_students" time="0.149"><skipped type="pytest.skip" message="Secondary user unavailable (reg=404, login=401)">/app/backend/tests/test_bulk_send.py:367: Secondary user unavailable (reg=404, login=401)</skipped></testcase><testcase classname="tests.test_bulk_send.TestOwnershipIsolation" name="test_secondary_user_bulk_send_ignores_admin_ids" time="0.000"><skipped type="pytest.skip" message="Secondary user unavailable (reg=404, login=401)">/app/backend/tests/test_bulk_send.py:373: Secondary user unavailable (reg=404, login=401)</skipped></testcase><testcase classname="tests.test_bulk_send.TestGenerateRegression" name="test_generate_uses_helper_and_returns_expected_fields" time="1.013" /><testcase classname="tests.test_bulk_send.TestBulkSend" name="test_skip_semantics_no_email" time="0.057" /><testcase classname="tests.test_bulk_send.TestBulkSend" name="test_skip_semantics_no_phone" time="0.236" /><testcase classname="tests.test_bulk_send.TestBulkSend" name="test_skip_both_channels_when_unreachable" time="0.050"><failure message="IndexError: list index out of range">tests/test_bulk_send.py:313: in test_skip_both_channels_when_unreachable
    res = r.json()["results"][0]
          ^^^^^^^^^^^^^^^^^^^^^^
E   IndexError: list index out of range</failure></testcase><testcase classname="tests.test_bulk_send.TestBulkSend" name="test_no_student_ids_only_outstanding" time="0.575"><failure message="AssertionError: assert set()&#10; +  where set() = &lt;built-in method intersection of set object at 0xff074cf46180&gt;({'6a5b7ce491b3adabdd33f3e4'})&#10; +    where &lt;built-in method intersection of set object at 0xff074cf46180&gt; = {'6a5b7ce591b3adabdd33f3e6', '6a5b7ce591b3adabdd33f3e9', '6a5b7ce591b3adabdd33f3ea', '6a5b7ce591b3adabdd33f3ed'}.intersection">tests/test_bulk_send.py:334: in test_no_student_ids_only_outstanding
    assert outstanding_ids.intersection(student_ids)
E   AssertionError: assert set()
E    +  where set() = &lt;built-in method intersection of set object at 0xff074cf46180&gt;({'6a5b7ce491b3adabdd33f3e4'})
E    +    where &lt;built-in method intersection of set object at 0xff074cf46180&gt; = {'6a5b7ce591b3adabdd33f3e6', '6a5b7ce591b3adabdd33f3e9', '6a5b7ce591b3adabdd33f3ea', '6a5b7ce591b3adabdd33f3ed'}.intersection</failure></testcase></testsuite></testsuites>