<?xml version="1.0" encoding="utf-8"?><testsuites name="pytest tests"><testsuite name="pytest" errors="7" failures="2" skipped="2" tests="46" time="12.314" timestamp="2026-07-18T13:16:46.040416+00:00" hostname="agent-env-2f2e2919-d14f-4fb1-8a5e-143434438e49"><testcase classname="tests.test_auth_profile_branding.TestLogoAndInvoiceBranding" name="test_shared_invoice_has_studio_snapshot" time="1.227" /><testcase classname="tests.test_auth_profile_branding.TestLogoAndInvoiceBranding" name="test_shared_logo_endpoint" time="0.239" /><testcase classname="tests.test_auth_profile_branding.TestLogoAndInvoiceBranding" name="test_shared_logo_invalid_token" time="0.045" /><testcase classname="tests.test_auth_profile_branding.TestLogoAndInvoiceBranding" name="test_shared_logo_missing_when_no_logo" time="0.553" /><testcase classname="tests.test_bulk_send.TestBulkSend" name="test_requires_auth" time="1.985" /><testcase classname="tests.test_bulk_send.TestBulkSend" name="test_empty_channels_400" time="0.110" /><testcase classname="tests.test_auth_profile_branding.TestLogoAndInvoiceBranding" name="test_pdf_embeds_studio_name" time="0.760" /><testcase classname="tests.test_bulk_send.TestBulkSend" name="test_unknown_channel_400" time="0.196" /><testcase classname="tests.test_bulk_send.TestBulkSend" name="test_send_creates_invoice_and_reports_email_sent" time="0.325" /><testcase classname="tests.test_bulk_send.TestBulkSend" name="test_skip_semantics_no_email" time="0.069" /><testcase classname="tests.test_bulk_send.TestBulkSend" name="test_skip_semantics_no_phone" time="0.269" /><testcase classname="tests.test_bulk_send.TestBulkSend" name="test_skip_both_channels_when_unreachable" time="0.264" /><testcase classname="tests.test_bulk_send.TestBulkSend" name="test_no_student_ids_only_outstanding" time="0.883" /><testcase classname="tests.test_auth_profile_branding.TestCredentialsRotation" name="test_new_admin_login_success" time="0.469" /><testcase classname="tests.test_auth_profile_branding.TestCredentialsRotation" name="test_me_returns_lakshmi" time="0.456" /><testcase classname="tests.test_bulk_send.TestBulkPreview" name="test_requires_auth" time="2.533" /><testcase classname="tests.test_auth_profile_branding.TestCredentialsRotation" name="test_old_creds_fail" time="0.324"><failure message="assert 200 == 401&#10; +  where 200 = &lt;Response [200]&gt;.status_code">tests/test_auth_profile_branding.py:77: in test_old_creds_fail
    assert r.status_code == 401
E   assert 200 == 401
E    +  where 200 = &lt;Response [200]&gt;.status_code</failure></testcase><testcase classname="tests.test_bulk_send.TestBulkPreview" name="test_returns_list_with_expected_fields" time="0.064" /><testcase classname="tests.test_bulk_send.TestBulkPreview" name="test_channels_reflect_reachability" time="0.064" /><testcase classname="tests.test_auth_profile_branding.TestCredentialsRotation" name="test_single_admin_in_db" time="0.014" /><testcase classname="tests.test_auth_profile_branding.TestRegression" name="test_students_list" time="0.074" /><testcase classname="tests.test_bulk_send.TestBulkPreview" name="test_sorted_by_balance_due_desc" time="0.102" /><testcase classname="tests.test_auth_profile_branding.TestRegression" name="test_dashboard" time="0.067" /><testcase classname="tests.test_auth_profile_branding.TestRegression" name="test_invoices_list" time="0.067" /><testcase classname="tests.test_bulk_send.TestBulkPreview" name="test_window_narrows_billed_and_balance" time="0.558" /><testcase classname="tests.test_auth_profile_branding.TestRegression" name="test_unauth_endpoints_401" time="0.294" /><testcase classname="tests.test_auth_profile_branding.TestForgotPassword" name="test_forgot_for_existing_returns_ok" time="0.565" /><testcase classname="tests.test_auth_profile_branding.TestChangePassword" name="test_wrong_current_password" time="0.331" /><testcase classname="tests.test_auth_profile_branding.TestChangePassword" name="test_short_new_password" time="0.072" /><testcase classname="tests.test_auth_profile_branding.TestForgotPassword" name="test_forgot_for_nonexistent_no_info_leak" time="0.104" /><testcase classname="tests.test_auth_profile_branding.TestChangePassword" name="test_change_and_verify_flow" time="1.785"><failure message="assert 400 == 200&#10; +  where 400 = &lt;Response [400]&gt;.status_code">tests/test_auth_profile_branding.py:120: in test_change_and_verify_flow
    assert r_rev.status_code == 200
E   assert 400 == 200
E    +  where 400 = &lt;Response [400]&gt;.status_code</failure></testcase><testcase classname="tests.test_auth_profile_branding.TestForgotPassword" name="test_reset_link_logged" time="0.002" /><testcase classname="tests.test_auth_profile_branding.TestResetPassword" name="test_reset_flow_end_to_end" time="3.379" /><testcase classname="tests.test_delete_and_branding.TestInvoiceDelete" name="test_delete_requires_auth" time="0.453"><error message="failed on setup with &quot;AssertionError: login failed: 401 {&quot;detail&quot;:&quot;Invalid email or password&quot;}&#10;assert 401 == 200&#10; +  where 401 = &lt;Response [401]&gt;.status_code&quot;">tests/test_delete_and_branding.py:22: in session
    assert r.status_code == 200, f"login failed: {r.status_code} {r.text}"
E   AssertionError: login failed: 401 {"detail":"Invalid email or password"}
E   assert 401 == 200
E    +  where 401 = &lt;Response [401]&gt;.status_code</error></testcase><testcase classname="tests.test_delete_and_branding.TestInvoiceDelete" name="test_delete_nonexistent_returns_404" time="0.000"><error message="failed on setup with &quot;AssertionError: login failed: 401 {&quot;detail&quot;:&quot;Invalid email or password&quot;}&#10;assert 401 == 200&#10; +  where 401 = &lt;Response [401]&gt;.status_code&quot;">tests/test_delete_and_branding.py:22: in session
    assert r.status_code == 200, f"login failed: {r.status_code} {r.text}"
E   AssertionError: login failed: 401 {"detail":"Invalid email or password"}
E   assert 401 == 200
E    +  where 401 = &lt;Response [401]&gt;.status_code</error></testcase><testcase classname="tests.test_delete_and_branding.TestInvoiceDelete" name="test_delete_ownership_isolation" time="0.001"><error message="failed on setup with &quot;AssertionError: login failed: 401 {&quot;detail&quot;:&quot;Invalid email or password&quot;}&#10;assert 401 == 200&#10; +  where 401 = &lt;Response [401]&gt;.status_code&quot;">tests/test_delete_and_branding.py:22: in session
    assert r.status_code == 200, f"login failed: {r.status_code} {r.text}"
E   AssertionError: login failed: 401 {"detail":"Invalid email or password"}
E   assert 401 == 200
E    +  where 401 = &lt;Response [401]&gt;.status_code</error></testcase><testcase classname="tests.test_delete_and_branding.TestBranding" name="test_login_response_name_is_lakshmi" time="0.000"><error message="failed on setup with &quot;AssertionError: login failed: 401 {&quot;detail&quot;:&quot;Invalid email or password&quot;}&#10;assert 401 == 200&#10; +  where 401 = &lt;Response [401]&gt;.status_code&quot;">tests/test_delete_and_branding.py:22: in session
    assert r.status_code == 200, f"login failed: {r.status_code} {r.text}"
E   AssertionError: login failed: 401 {"detail":"Invalid email or password"}
E   assert 401 == 200
E    +  where 401 = &lt;Response [401]&gt;.status_code</error></testcase><testcase classname="tests.test_delete_and_branding.TestBranding" name="test_auth_me_returns_lakshmi" time="0.000"><error message="failed on setup with &quot;AssertionError: login failed: 401 {&quot;detail&quot;:&quot;Invalid email or password&quot;}&#10;assert 401 == 200&#10; +  where 401 = &lt;Response [401]&gt;.status_code&quot;">tests/test_delete_and_branding.py:22: in session
    assert r.status_code == 200, f"login failed: {r.status_code} {r.text}"
E   AssertionError: login failed: 401 {"detail":"Invalid email or password"}
E   assert 401 == 200
E    +  where 401 = &lt;Response [401]&gt;.status_code</error></testcase><testcase classname="tests.test_delete_and_branding.TestClassAndPaymentDelete" name="test_delete_class_and_verify_gone" time="0.000"><error message="failed on setup with &quot;AssertionError: login failed: 401 {&quot;detail&quot;:&quot;Invalid email or password&quot;}&#10;assert 401 == 200&#10; +  where 401 = &lt;Response [401]&gt;.status_code&quot;">tests/test_delete_and_branding.py:22: in session
    assert r.status_code == 200, f"login failed: {r.status_code} {r.text}"
E   AssertionError: login failed: 401 {"detail":"Invalid email or password"}
E   assert 401 == 200
E    +  where 401 = &lt;Response [401]&gt;.status_code</error></testcase><testcase classname="tests.test_delete_and_branding.TestClassAndPaymentDelete" name="test_delete_payment_and_verify_gone" time="0.000"><error message="failed on setup with &quot;AssertionError: login failed: 401 {&quot;detail&quot;:&quot;Invalid email or password&quot;}&#10;assert 401 == 200&#10; +  where 401 = &lt;Response [401]&gt;.status_code&quot;">tests/test_delete_and_branding.py:22: in session
    assert r.status_code == 200, f"login failed: {r.status_code} {r.text}"
E   AssertionError: login failed: 401 {"detail":"Invalid email or password"}
E   assert 401 == 200
E    +  where 401 = &lt;Response [401]&gt;.status_code</error></testcase><testcase classname="tests.test_auth_profile_branding.TestResetPassword" name="test_expired_token" time="0.064" /><testcase classname="tests.test_auth_profile_branding.TestProfile" name="test_get_profile" time="0.059" /><testcase classname="tests.test_auth_profile_branding.TestProfile" name="test_patch_profile_persists" time="0.170" /><testcase classname="tests.test_bulk_send.TestOwnershipIsolation" name="test_secondary_user_cannot_see_admin_students" time="1.898"><skipped type="pytest.skip" message="Secondary user unavailable (reg=404, login=401)">/app/backend/tests/test_bulk_send.py:367: Secondary user unavailable (reg=404, login=401)</skipped></testcase><testcase classname="tests.test_bulk_send.TestOwnershipIsolation" name="test_secondary_user_bulk_send_ignores_admin_ids" time="0.000"><skipped type="pytest.skip" message="Secondary user unavailable (reg=404, login=401)">/app/backend/tests/test_bulk_send.py:373: Secondary user unavailable (reg=404, login=401)</skipped></testcase><testcase classname="tests.test_bulk_send.TestGenerateRegression" name="test_generate_uses_helper_and_returns_expected_fields" time="0.637" /></testsuite></testsuites>