<?xml version="1.0" encoding="utf-8"?><testsuites name="pytest tests"><testsuite name="pytest" errors="0" failures="0" skipped="0" tests="23" time="6.919" timestamp="2026-07-18T08:43:02.822355+00:00" hostname="agent-env-2f2e2919-d14f-4fb1-8a5e-143434438e49"><testcase classname="tests.test_auth_profile_branding.TestCredentialsRotation" name="test_new_admin_login_success" time="0.713" /><testcase classname="tests.test_auth_profile_branding.TestCredentialsRotation" name="test_me_returns_lakshmi" time="0.537" /><testcase classname="tests.test_auth_profile_branding.TestCredentialsRotation" name="test_old_creds_fail" time="0.044" /><testcase classname="tests.test_auth_profile_branding.TestCredentialsRotation" name="test_single_admin_in_db" time="0.005" /><testcase classname="tests.test_auth_profile_branding.TestRegression" name="test_students_list" time="0.045" /><testcase classname="tests.test_auth_profile_branding.TestLogoAndInvoiceBranding" name="test_shared_invoice_has_studio_snapshot" time="1.428" /><testcase classname="tests.test_auth_profile_branding.TestRegression" name="test_dashboard" time="0.047" /><testcase classname="tests.test_auth_profile_branding.TestRegression" name="test_invoices_list" time="0.087" /><testcase classname="tests.test_auth_profile_branding.TestLogoAndInvoiceBranding" name="test_shared_logo_endpoint" time="0.270" /><testcase classname="tests.test_auth_profile_branding.TestRegression" name="test_unauth_endpoints_401" time="0.310" /><testcase classname="tests.test_auth_profile_branding.TestLogoAndInvoiceBranding" name="test_shared_logo_invalid_token" time="0.044" /><testcase classname="tests.test_auth_profile_branding.TestLogoAndInvoiceBranding" name="test_shared_logo_missing_when_no_logo" time="1.532" /><testcase classname="tests.test_auth_profile_branding.TestChangePassword" name="test_wrong_current_password" time="0.269" /><testcase classname="tests.test_auth_profile_branding.TestChangePassword" name="test_short_new_password" time="0.047" /><testcase classname="tests.test_auth_profile_branding.TestChangePassword" name="test_change_and_verify_flow" time="2.017" /><testcase classname="tests.test_auth_profile_branding.TestLogoAndInvoiceBranding" name="test_pdf_embeds_studio_name" time="0.974" /><testcase classname="tests.test_auth_profile_branding.TestResetPassword" name="test_reset_flow_end_to_end" time="1.777" /><testcase classname="tests.test_auth_profile_branding.TestForgotPassword" name="test_forgot_for_existing_returns_ok" time="0.217" /><testcase classname="tests.test_auth_profile_branding.TestForgotPassword" name="test_forgot_for_nonexistent_no_info_leak" time="0.083" /><testcase classname="tests.test_auth_profile_branding.TestForgotPassword" name="test_reset_link_logged" time="0.001" /><testcase classname="tests.test_auth_profile_branding.TestResetPassword" name="test_expired_token" time="0.047" /><testcase classname="tests.test_auth_profile_branding.TestProfile" name="test_get_profile" time="0.047" /><testcase classname="tests.test_auth_profile_branding.TestProfile" name="test_patch_profile_persists" time="0.091" /></testsuite></testsuites>